\BOOKMARK [1][-]{section.1}{\376\377\000I\000N\000T\000R\000O\000D\000U\000C\000C\000I\000\323\000N}{}% 1
\BOOKMARK [2][-]{subsection.1.1}{\376\377\000I\000m\000p\000o\000r\000t\000a\000n\000c\000i\000a\000\040\000d\000e\000l\000\040\000M\000o\000d\000e\000l\000a\000d\000o\000\040\000y\000\040\000S\000i\000m\000u\000l\000a\000c\000i\000\363\000n\000\040\000d\000e\000\040\040\046}{section.1}% 2
\BOOKMARK [2][-]{subsection.1.2}{\376\377\000T\000r\000a\000b\000a\000j\000o\000s\000\040\000p\000r\000e\000v\000i\000o\000s\000\040\000e\000n\000\040\000M\000o\000d\000e\000l\000a\000d\000o\000\040\000y\000\040\000S\000i\000m\000u\000l\000a\000c\000i\000\363\000n\000\040\000D\000i\000n\000\341\000m\000i\000c\000a\000\040\000d\000e\000\040\040\046}{section.1}% 3
\BOOKMARK [2][-]{subsection.1.3}{\376\377\000P\000l\000a\000n\000t\000e\000a\000m\000i\000e\000n\000t\000o\000\040\000d\000e\000l\000\040\000P\000r\000o\000b\000l\000e\000m\000a\000\040\000a\000\040\000r\000e\000s\000o\000l\000v\000e\000r}{section.1}% 4
\BOOKMARK [2][-]{subsection.1.4}{\376\377\000O\000b\000j\000e\000t\000i\000v\000o\000s}{section.1}% 5
\BOOKMARK [1][-]{section.2}{\376\377\000F\000U\000N\000D\000A\000M\000E\000N\000T\000O\000\040\000T\000E\000\323\000R\000I\000C\000O}{}% 6
\BOOKMARK [2][-]{subsection.2.1}{\376\377\000M\000\341\000q\000u\000i\000n\000a\000s\000\040\000C\000N\000C}{section.2}% 7
\BOOKMARK [2][-]{subsection.2.2}{\376\377\000H\000i\000s\000t\000o\000r\000i\000a\000\040\000d\000e\000\040\000l\000a\000s\000\040\000M\000\341\000q\000u\000i\000n\000a\000s\000\040\000C\000N\000C}{section.2}% 8
\BOOKMARK [2][-]{subsection.2.3}{\376\377\000E\000l\000\040\000C\000\363\000d\000i\000g\000o\000\040\000G}{section.2}% 9
\BOOKMARK [2][-]{subsection.2.4}{\376\377\000S\000o\000f\000t\000w\000a\000r\000e\000\040\000p\000a\000r\000a\000\040\000l\000a\000\040\000s\000i\000m\000u\000l\000a\000c\000i\000\363\000n\000\040\000d\000e\000l\000\040\000p\000r\000o\000c\000e\000s\000o\000\040\000d\000e\000\040\040\046}{section.2}% 10
\BOOKMARK [2][-]{subsection.2.5}{\376\377\000P\000a\000r\000t\000e\000s\000\040\000d\000e\000\040\000u\000n\000a\000\040\000M\000\341\000q\000u\000i\000n\000a\000\040\000C\000N\000C}{section.2}% 11
\BOOKMARK [2][-]{subsection.2.6}{\376\377\000N\000o\000r\000m\000a\000t\000i\000v\000a\000\040\000r\000e\000l\000a\000c\000i\000o\000n\000a\000d\000a\000\040\000c\000o\000n\000\040\000M\000\341\000q\000u\000i\000n\000a\000s\000\040\000C\000N\000C}{section.2}% 12
\BOOKMARK [3][-]{subsubsection.2.6.1}{\376\377\000N\000o\000r\000m\000a\000\040\000U\000N\000E\000\040\040\046}{subsection.2.6}% 13
\BOOKMARK [3][-]{subsubsection.2.6.2}{\376\377\000N\000o\000r\000m\000a\000\040\000A\000S\000T\000M\000\040\040\046}{subsection.2.6}% 14
\BOOKMARK [3][-]{subsubsection.2.6.3}{\376\377\000E\000s\000t\000\341\000n\000d\000a\000r\000\040\000A\000S\000M\000E\000\040\040\046}{subsection.2.6}% 15
\BOOKMARK [2][-]{subsection.2.7}{\376\377\000G\000e\000n\000e\000r\000a\000l\000i\000d\000a\000d\000e\000s\000\040\000d\000e\000\040\000l\000a\000\040\000C\000i\000n\000e\000m\000\341\000t\000i\000c\000a\000\040\000y\000\040\000C\000i\000n\000\351\000t\000i\000c\000a\000\040\000d\000e\000l\000\040\000M\000a\000q\000u\000i\000n\000a\000d\000o\000\040\000e\000n\000\040\000M\000\341\000q\000u\000i\000n\000a\000s\000\040\000C\000N\000C}{section.2}% 16
\BOOKMARK [2][-]{subsection.2.8}{\376\377\000D\000e\000s\000c\000r\000i\000p\000c\000i\000\363\000n\000\040\000d\000e\000\040\000l\000a\000\040\000m\000\341\000q\000u\000i\000n\000a\000\040\000o\000\040\000s\000i\000s\000t\000e\000m\000a\000\040\000e\000l\000e\000c\000t\000r\000o\000m\000e\000c\000\341\000n\000i\000c\000o}{section.2}% 17
\BOOKMARK [2][-]{subsection.2.9}{\376\377\000P\000r\000i\000n\000c\000i\000p\000i\000o\000s\000\040\000d\000e\000\040\000c\000o\000n\000v\000e\000r\000s\000i\000\363\000n\000\040\000d\000e\000\040\000e\000n\000e\000r\000g\000\355\000a}{section.2}% 18
\BOOKMARK [3][-]{subsubsection.2.9.1}{\376\377\000T\000o\000r\000q\000u\000e\000,\000\040\000p\000o\000t\000e\000n\000c\000i\000a\000,\000\040\000v\000e\000l\000o\000c\000i\000d\000a\000d}{subsection.2.9}% 19
\BOOKMARK [3][-]{subsubsection.2.9.2}{\376\377\000E\000f\000i\000c\000i\000e\000n\000c\000i\000a\000\040\000y\000\040\000p\000\351\000r\000d\000i\000d\000a\000s}{subsection.2.9}% 20
\BOOKMARK [3][-]{subsubsection.2.9.3}{\376\377\000C\000a\000m\000p\000o\000\040\000m\000a\000g\000n\000\351\000t\000i\000c\000o\000\040\000e\000\040\000i\000n\000d\000u\000c\000c\000i\000\363\000n}{subsection.2.9}% 21
\BOOKMARK [3][-]{subsubsection.2.9.4}{\376\377\000R\000\351\000g\000i\000m\000e\000n\000\040\000d\000e\000\040\000o\000p\000e\000r\000a\000c\000i\000\363\000n\000\040\000y\000\040\000c\000u\000r\000v\000a\000\040\000c\000a\000r\000a\000c\000t\000e\000r\000\355\000s\000t\000i\000c\000a}{subsection.2.9}% 22
\BOOKMARK [3][-]{subsubsection.2.9.5}{\376\377\000E\000s\000p\000e\000c\000i\000f\000i\000c\000a\000c\000i\000o\000n\000e\000s\000\040\000d\000e\000\040\000i\000n\000g\000e\000n\000i\000e\000r\000\355\000a}{subsection.2.9}% 23
\BOOKMARK [1][-]{section.3}{\376\377\000M\000O\000D\000E\000L\000A\000D\000O\000\040\000A\000N\000A\000L\000\315\000T\000I\000C\000O\000\040\000D\000E\000\040\000L\000A\000\040\000D\000I\000N\000\301\000M\000I\000C\000A\000\040\000D\000E\000L\000\040\000M\000A\000Q\000U\000I\000N\000A\000D\000O\000\040\000C\000N\000C}{}% 24
\BOOKMARK [2][-]{subsection.3.1}{\376\377\000M\000o\000d\000e\000l\000o\000\040\000A\000n\000a\000l\000\355\000t\000i\000c\000o\000\040\000d\000e\000\040\000l\000a\000\040\000C\000i\000n\000e\000m\000\341\000t\000i\000c\000a\000\040\0003\000D\000\040\000d\000e\000l\000\040\000p\000r\000o\000c\000e\000s\000o\000\040\000d\000e\000\040\000f\000a\000b\000r\000i\000c\000a\000c\000i\000\363\000n\000\040\000m\000a\000q\000u\000i\000n\000a\000d\000o\000\040\000c\000o\000n\000\040\000C\000N\000C\000\040\000d\000e\000\040\000u\000n\000\040\000i\000m\000p\000u\000l\000s\000o\000r\000\040\000d\000e\000\040\000t\000u\000r\000b\000i\000n\000a\000\040\000\050\000o\000\040\000i\000m\000p\000u\000l\000s\000o\000r\000\040\000d\000e\000\040\000b\000o\000m\000b\000a\000,\000\040\000o\000\040\000p\000r\000o\000p\000u\000l\000s\000o\000r\000,\000\040\000o\000\040\000e\000n\000g\000r\000a\000n\000a\000j\000e\000\040\000c\000\363\000n\000i\000c\000o\000\040\000h\000e\000l\000i\000c\000o\000i\000d\000a\000l\000\051}{section.3}% 25
\BOOKMARK [3][-]{subsubsection.3.1.1}{\376\377\040\046}{subsection.3.1}% 26
\BOOKMARK [3][-]{subsubsection.3.1.2}{\376\377\040\046}{subsection.3.1}% 27
\BOOKMARK [3][-]{subsubsection.3.1.3}{\376\377\040\046}{subsection.3.1}% 28
\BOOKMARK [2][-]{subsection.3.2}{\376\377\000M\000o\000d\000e\000l\000o\000\040\000A\000n\000a\000l\000\355\000t\000i\000c\000o\000\040\000d\000e\000\040\000l\000a\000\040\000C\000i\000n\000\351\000t\000i\000c\000a\000\040\0003\000D\000\040\000d\000e\000l\000\040\000p\000r\000o\000c\000e\000s\000o\000\040\000d\000e\000\040\000f\000a\000b\000r\000i\000c\000a\000c\000i\000\363\000n\000\040\000m\000a\000q\000u\000i\000n\000a\000d\000o\000\040\000c\000o\000n\000\040\000C\000N\000C\000\040\000d\000e\000\040\000u\000n\000\040\000i\000m\000p\000u\000l\000s\000o\000r\000\040\000d\000e\000\040\000t\000u\000r\000b\000i\000n\000a\000\040\000\050\000o\000\040\000i\000m\000p\000u\000l\000s\000o\000r\000\040\000d\000e\000\040\000b\000o\000m\000b\000a\000,\000\040\000o\000\040\000p\000r\000o\000p\000u\000l\000s\000o\000r\000,\000\040\000o\000\040\000e\000n\000g\000r\000a\000n\000a\000j\000e\000\040\000c\000\363\000n\000i\000c\000o\000\040\000h\000e\000l\000i\000c\000o\000i\000d\000a\000l\000\051}{section.3}% 29
\BOOKMARK [3][-]{subsubsection.3.2.1}{\376\377\040\046}{subsection.3.2}% 30
\BOOKMARK [3][-]{subsubsection.3.2.2}{\376\377\040\046}{subsection.3.2}% 31
\BOOKMARK [3][-]{subsubsection.3.2.3}{\376\377\040\046}{subsection.3.2}% 32
\BOOKMARK [1][-]{section.4}{\376\377\000A\000P\000L\000I\000C\000A\000C\000I\000\323\000N\000\040\000D\000E\000\040\000L\000O\000S\000\040\000M\000O\000D\000E\000L\000O\000S\000\040\000C\000I\000N\000E\000M\000\301\000T\000I\000C\000O\000S\000\040\000Y\000\040\000C\000I\000N\000\311\000T\000I\000C\000O\000S}{}% 33
\BOOKMARK [2][-]{subsection.4.1}{\376\377\000C\000\341\000l\000c\000u\000l\000o\000\040\000d\000e\000\040\040\046}{section.4}% 34
\BOOKMARK [3][-]{subsubsection.4.1.1}{\376\377\000X\000X\000X\000X\000X}{subsection.4.1}% 35
\BOOKMARK [3][-]{subsubsection.4.1.2}{\376\377\000X\000X\000X\000X\000X}{subsection.4.1}% 36
\BOOKMARK [3][-]{subsubsection.4.1.3}{\376\377\000X\000X\000X\000X\000X}{subsection.4.1}% 37
\BOOKMARK [3][-]{subsubsection.4.1.4}{\376\377\000X\000X\000X\000X\000X}{subsection.4.1}% 38
\BOOKMARK [2][-]{subsection.4.2}{\376\377\000P\000r\000o\000g\000r\000a\000m\000a\000\040\000M\000A\000T\000L\000A\000B\000\040\000p\000a\000r\000a\000\040\000e\000l\000\040\000A\000N\000\301\000L\000I\000S\000I\000S\000\040\000C\000I\000N\000E\000M\000\301\000T\000I\000C\000O\000\040\000y\000\040\000C\000I\000N\000\311\000T\000I\000C\000O}{section.4}% 39
\BOOKMARK [2][-]{subsection.4.3}{\376\377\000I\000n\000t\000e\000r\000f\000a\000c\000e\000\040\000G\000r\000\341\000f\000i\000c\000a\000\040\000d\000e\000\040\000U\000s\000u\000a\000r\000i\000o\000\040\000\050\000G\000U\000I\000\051\000\040\000p\000a\000r\000a\000\040\000e\000l\000\040\000A\000N\000\301\000L\000I\000S\000I\000S\000\040\000C\000I\000N\000E\000M\000\301\000T\000I\000C\000O\000\040\000y\000\040\000C\000I\000N\000\311\000T\000I\000C\000O}{section.4}% 40
\BOOKMARK [1][-]{section.5}{\376\377\000R\000E\000S\000U\000M\000E\000N\000\040\000D\000E\000\040\000R\000E\000S\000U\000L\000T\000A\000D\000O\000S}{}% 41
\BOOKMARK [2][-]{subsection.5.1}{\376\377\000P\000o\000s\000i\000c\000i\000o\000n\000e\000s}{section.5}% 42
\BOOKMARK [2][-]{subsection.5.2}{\376\377\000V\000e\000l\000o\000c\000i\000d\000a\000d\000e\000s}{section.5}% 43
\BOOKMARK [2][-]{subsection.5.3}{\376\377\000A\000c\000e\000l\000e\000r\000a\000c\000i\000o\000n\000e\000s}{section.5}% 44
\BOOKMARK [2][-]{subsection.5.4}{\376\377\000F\000u\000e\000r\000z\000a\000s\000\040\000y\000\040\000M\000o\000m\000e\000n\000t\000o\000s}{section.5}% 45
\BOOKMARK [2][-]{subsection.5.5}{\376\377\000P\000o\000t\000e\000n\000c\000i\000a\000s}{section.5}% 46
\BOOKMARK [2][-]{subsection.5.6}{\376\377\000D\000i\000a\000g\000r\000a\000m\000a\000\040\000d\000e\000\040\040\046}{section.5}% 47
\BOOKMARK [1][-]{section.6}{\376\377\000E\000L\000A\000B\000O\000R\000A\000C\000I\000\323\000N\000\040\000D\000E\000\040\000P\000L\000A\000N\000O\000S}{}% 48
\BOOKMARK [2][-]{subsection.6.1}{\376\377\000S\000e\000l\000e\000c\000c\000i\000\363\000n\000\040\000d\000e\000\040\000C\000o\000m\000p\000o\000n\000e\000n\000t\000e\000s}{section.6}% 49
\BOOKMARK [2][-]{subsection.6.2}{\376\377\000P\000l\000a\000n\000o\000\040\000G\000e\000n\000e\000r\000a\000l}{section.6}% 50
\BOOKMARK [2][-]{subsection.6.3}{\376\377\000P\000l\000a\000n\000o\000s\000\040\000d\000e\000\040\000D\000e\000t\000a\000l\000l\000e\000\040\000o\000\040\000D\000e\000s\000p\000i\000e\000c\000e\000s}{section.6}% 51
\BOOKMARK [2][-]{subsection.6.4}{\376\377\000P\000l\000a\000n\000o\000\040\000d\000e\000\040\000E\000n\000s\000a\000m\000b\000l\000e\000\040\000o\000\040\000E\000x\000p\000l\000o\000t\000a\000d\000o}{section.6}% 52
\BOOKMARK [2][-]{subsection.6.5}{\376\377\000D\000i\000a\000g\000r\000a\000m\000a\000s\000\040\000d\000e\000\040\000f\000u\000e\000r\000z\000a\000,\000\040\000m\000a\000n\000d\000o\000\040\000y\000\040\000c\000o\000n\000e\000x\000i\000\363\000n}{section.6}% 53
\BOOKMARK [2][-]{subsection.6.6}{\376\377\000D\000i\000a\000g\000r\000a\000m\000a\000s\000\040\000d\000e\000\040\000M\000o\000n\000t\000a\000j\000e}{section.6}% 54
\BOOKMARK [2][-]{subsection.6.7}{\376\377\000D\000i\000a\000g\000r\000a\000m\000a\000s\000\040\000d\000e\000\040\000E\000s\000t\000r\000u\000c\000t\000u\000r\000a}{section.6}% 55
\BOOKMARK [2][-]{subsection.6.8}{\376\377\000D\000i\000a\000g\000r\000a\000m\000a\000s\000\040\000d\000e\000\040\000T\000r\000a\000n\000s\000m\000i\000s\000i\000\363\000n\000\040\000m\000e\000c\000\341\000n\000i\000c\000a}{section.6}% 56
\BOOKMARK [2][-]{subsection.6.9}{\376\377\000D\000i\000a\000g\000r\000a\000m\000a\000s\000\040\000d\000e\000\040\000G\000a\000b\000i\000n\000e\000t\000e\000,\000\040\000p\000r\000o\000t\000e\000c\000c\000i\000o\000n\000e\000s\000\040\000y\000\040\000s\000e\000c\000u\000e\000n\000c\000i\000a\000\040\000d\000e\000\040\000o\000p\000e\000r\000a\000c\000i\000\363\000n}{section.6}% 57
\BOOKMARK [1][-]{section.7}{\376\377\000P\000R\000O\000C\000E\000S\000O\000\040\000D\000E\000\040\000F\000A\000B\000R\000I\000C\000A\000C\000I\000\323\000N}{}% 58
\BOOKMARK [2][-]{subsection.7.1}{\376\377\000M\000a\000t\000e\000r\000i\000a\000l\000e\000s}{section.7}% 59
\BOOKMARK [2][-]{subsection.7.2}{\376\377\000H\000e\000r\000r\000a\000m\000i\000e\000n\000t\000a\000s}{section.7}% 60
\BOOKMARK [2][-]{subsection.7.3}{\376\377\000E\000q\000u\000i\000p\000o\000s}{section.7}% 61
\BOOKMARK [2][-]{subsection.7.4}{\376\377\000E\000n\000s\000a\000m\000b\000l\000e}{section.7}% 62
\BOOKMARK [1][-]{section.8}{\376\377\000P\000R\000U\000E\000B\000A\000S\000,\000\040\000M\000E\000D\000I\000C\000I\000O\000N\000E\000S\000\040\000Y\000\040\000V\000A\000L\000I\000D\000A\000C\000I\000\323\000N\000\040\000E\000X\000P\000E\000R\000I\000M\000E\000N\000T\000A\000L}{}% 63
\BOOKMARK [2][-]{subsection.8.1}{\376\377\000P\000r\000o\000t\000o\000c\000o\000l\000o\000\040\000d\000e\000\040\000P\000r\000u\000e\000b\000a\000s}{section.8}% 64
\BOOKMARK [2][-]{subsection.8.2}{\376\377\000I\000n\000s\000t\000r\000u\000m\000e\000n\000t\000o\000s\000\040\000d\000e\000\040\000M\000e\000d\000i\000c\000i\000\363\000n}{section.8}% 65
\BOOKMARK [2][-]{subsection.8.3}{\376\377\000T\000a\000b\000l\000a\000s\000\040\000d\000e\000\040\000D\000a\000t\000o\000s}{section.8}% 66
\BOOKMARK [2][-]{subsection.8.4}{\376\377\000C\000\341\000l\000c\000u\000l\000o\000s\000\040\000d\000e\000\040\000P\000o\000t\000e\000n\000c\000i\000a\000\040\000y\000\040\000E\000f\000i\000c\000i\000e\000n\000c\000i\000a\000\040\000E\000x\000p\000e\000r\000i\000m\000e\000n\000t\000a\000l\000e\000s}{section.8}% 67
\BOOKMARK [2][-]{subsection.8.5}{\376\377\000C\000o\000m\000p\000a\000r\000a\000c\000i\000\363\000n\000\040\000c\000o\000n\000\040\000V\000a\000l\000o\000r\000e\000s\000\040\000T\000e\000\363\000r\000i\000c\000o\000s\000\040\000C\000a\000l\000c\000u\000l\000a\000d\000o\000s}{section.8}% 68
\BOOKMARK [1][-]{section.9}{\376\377\000S\000E\000G\000U\000R\000I\000D\000A\000D\000,\000\040\000M\000A\000N\000T\000E\000N\000I\000M\000I\000E\000N\000T\000O\000\040\000Y\000\040\000S\000O\000S\000T\000E\000N\000I\000B\000I\000L\000I\000D\000A\000D}{}% 69
\BOOKMARK [2][-]{subsection.9.1}{\376\377\000S\000e\000g\000u\000r\000i\000d\000a\000d\000\040\000e\000l\000\351\000c\000t\000r\000i\000c\000a}{section.9}% 70
\BOOKMARK [2][-]{subsection.9.2}{\376\377\000S\000e\000g\000u\000r\000i\000d\000a\000d\000\040\000m\000e\000c\000\341\000n\000i\000c\000a}{section.9}% 71
\BOOKMARK [2][-]{subsection.9.3}{\376\377\000P\000r\000o\000t\000e\000c\000c\000i\000\363\000n\000\040\000d\000e\000l\000\040\000u\000s\000u\000a\000r\000i\000o}{section.9}% 72
\BOOKMARK [2][-]{subsection.9.4}{\376\377\000M\000a\000n\000t\000e\000n\000i\000m\000i\000e\000n\000t\000o\000\040\000p\000r\000e\000v\000e\000n\000t\000i\000v\000o}{section.9}% 73
\BOOKMARK [2][-]{subsection.9.5}{\376\377\000E\000f\000i\000c\000i\000e\000n\000c\000i\000a\000\040\000e\000n\000e\000r\000g\000\351\000t\000i\000c\000a}{section.9}% 74
\BOOKMARK [2][-]{subsection.9.6}{\376\377\000R\000e\000c\000o\000m\000e\000n\000d\000a\000c\000i\000o\000n\000e\000s\000\040\000d\000e\000\040\000o\000p\000e\000r\000a\000c\000i\000\363\000n}{section.9}% 75
\BOOKMARK [1][-]{section.10}{\376\377\000A\000N\000\301\000L\000I\000S\000I\000S\000\040\000E\000C\000O\000N\000\323\000M\000I\000C\000O}{}% 76
\BOOKMARK [2][-]{subsection.10.1}{\376\377\000L\000i\000s\000t\000a\000d\000o\000\040\000d\000e\000\040\000C\000o\000m\000p\000o\000n\000e\000n\000t\000e\000s}{section.10}% 77
\BOOKMARK [2][-]{subsection.10.2}{\376\377\000P\000r\000e\000s\000u\000p\000u\000e\000s\000t\000o}{section.10}% 78
\BOOKMARK [1][-]{section.11}{\376\377\000A\000R\000C\000H\000I\000V\000O\000\040\000G\000R\000\301\000F\000I\000C\000O}{}% 79
\BOOKMARK [2][-]{subsection.11.1}{\376\377\000X\000X\000X\000X\000X}{section.11}% 80
\BOOKMARK [2][-]{subsection.11.2}{\376\377\000X\000X\000X\000X\000X}{section.11}% 81
\BOOKMARK [2][-]{subsection.11.3}{\376\377\000X\000X\000X\000X\000X}{section.11}% 82
\BOOKMARK [2][-]{subsection.11.4}{\376\377\000X\000X\000X\000X\000X}{section.11}% 83
\BOOKMARK [1][-]{section.12}{\376\377\000C\000O\000N\000C\000L\000U\000S\000I\000O\000N\000E\000S\000\040\000Y\000\040\000R\000E\000C\000O\000M\000E\000N\000D\000A\000C\000I\000O\000N\000E\000S}{}% 84
\BOOKMARK [1][-]{section.12}{\376\377\000R\000E\000F\000E\000R\000E\000N\000C\000I\000A\000S}{}% 85
\BOOKMARK [1][-]{section.13}{\376\377\000E\000v\000a\000l\000u\000a\000c\000i\000\363\000n\000\040\000d\000e\000\040\000c\000u\000m\000p\000l\000i\000m\000i\000e\000n\000t\000o\000\040\000d\000e\000\040\000i\000n\000t\000e\000g\000r\000a\000n\000t\000e\000s\000\040\000d\000e\000\040\000g\000r\000u\000p\000o}{}% 86
\BOOKMARK [1][-]{section.14}{\376\377\000A\000v\000a\000n\000c\000e\000\040\000N\000o\000\040\0000\0000}{}% 87
\BOOKMARK [1][-]{section.15}{\376\377\040\046}{}% 88
\BOOKMARK [1][-]{section.16}{\376\377\040\046}{}% 89
\BOOKMARK [1][-]{section.17}{\376\377\000C\000a\000t\000\341\000l\000o\000g\000o\000\040\040\046}{}% 90
\BOOKMARK [1][-]{section.18}{\376\377\000T\000a\000b\000l\000a\000\040\040\046}{}% 91
\BOOKMARK [1][-]{section.19}{\376\377\000G\000r\000\341\000f\000i\000c\000a\000\040\040\046}{}% 92
\BOOKMARK [1][-]{section.20}{\376\377\000G\000r\000\341\000f\000i\000c\000a\000\040\040\046}{}% 93
\BOOKMARK [1][-]{section.21}{\376\377\040\046}{}% 94
\BOOKMARK [1][-]{section.22}{\376\377\040\046}{}% 95
\BOOKMARK [1][-]{section.23}{\376\377\000L\000i\000m\000p\000i\000e\000z\000a\000\040\000y\000\040\000O\000r\000d\000e\000n\000a\000m\000i\000e\000n\000t\000o\000\040\000F\000i\000n\000a\000l\000\040\000d\000e\000l\000\040\000L\000a\000b\000o\000r\000a\000t\000o\000r\000i\000o}{}% 96
\BOOKMARK [1][-]{section.24}{\376\377\000F\000i\000c\000h\000a\000\040\000T\000\351\000c\000n\000i\000c\000a\000\040\000d\000e\000\040\000F\000r\000e\000s\000a\000\040\000d\000e\000\040\000e\000s\000p\000i\000g\000a\000\040\000d\000e\000\040\000P\000u\000n\000t\000a\000\040\000r\000e\000d\000o\000n\000d\000e\000a\000d\000a\000\040\000d\000e\000\040\0003\000\040\000m\000m\000\040\000e\000n\000\040\000H\000S\000S\000\040\040\023\000\040\000A\000c\000a\000b\000a\000d\000o}{}% 97
\BOOKMARK [1][-]{section.25}{\376\377\000F\000i\000c\000h\000a\000\040\000T\000\351\000c\000n\000i\000c\000a\000\040\000d\000e\000\040\000F\000r\000e\000s\000a\000\040\000d\000e\000\040\000e\000s\000p\000i\000g\000a\000\040\000d\000e\000\040\0006\000\040\000m\000m\000\040\000e\000n\000\040\000H\000S\000S\000\040\040\023\000\040\000D\000e\000s\000b\000a\000s\000t\000e}{}% 98
\BOOKMARK [1][-]{section.26}{\376\377\000F\000i\000c\000h\000a\000\040\000T\000\351\000c\000n\000i\000c\000a\000\040\000d\000e\000\040\000F\000r\000e\000s\000a\000\040\000d\000e\000\040\000e\000s\000p\000i\000g\000a\000\040\000d\000e\000\040\0001\0000\000\040\000m\000m\000\040\000e\000n\000\040\000H\000S\000S\000\040\040\023\000\040\000D\000e\000s\000b\000a\000s\000t\000e}{}% 99
\BOOKMARK [1][-]{section.27}{\376\377\000P\000l\000a\000n\000o\000\040\000G\000e\000n\000e\000r\000a\000l}{}% 100
\BOOKMARK [1][-]{section.28}{\376\377\000P\000l\000a\000n\000o\000\040\000d\000e\000\040\000D\000e\000t\000a\000l\000l\000e\000\040\000\050\000D\000e\000s\000p\000i\000e\000c\000e\000\051}{}% 101
\BOOKMARK [1][-]{section.29}{\376\377\000P\000l\000a\000n\000o\000\040\000e\000n\000\040\000V\000i\000s\000t\000a\000\040\000E\000x\000p\000l\000o\000t\000a\000d\000a}{}% 102
\BOOKMARK [1][-]{section.30}{\376\377\000F\000i\000c\000h\000a\000\040\000T\000\351\000c\000n\000i\000c\000a\000\040\000d\000e\000\040\000M\000o\000t\000o\000r\000\040\000X\000Y\000Z\000\040\0003\0004\000-\000Z\000\040\000\050\000E\000j\000e\000m\000p\000l\000o\000\051}{}% 103
